#
# There is insufficient memory for the Java Runtime Environment to continue.
# Native memory allocation (malloc) failed to allocate 2336240 bytes for Chunk::new
# Possible reasons:
#   The system is out of physical RAM or swap space
#   The process is running with CompressedOops enabled, and the Java Heap may be blocking the growth of the native heap
# Possible solutions:
#   Reduce memory load on the system
#   Increase physical memory or swap space
#   Check if swap backing store is full
#   Decrease Java heap size (-Xmx/-Xms)
#   Decrease number of Java threads
#   Decrease Java thread stack sizes (-Xss)
#   Set larger code cache with -XX:ReservedCodeCacheSize=
#   JVM is running with Unscaled Compressed Oops mode in which the Java heap is
#     placed in the first 4GB address space. The Java Heap base address is the
#     maximum limit for the native heap growth. Please use -XX:HeapBaseMinAddress
#     to set the Java Heap base and to place the Java Heap above 4GB virtual address.
# This output file may be truncated or incomplete.
#
#  Out of Memory Error (arena.cpp:189), pid=16576, tid=22080
#
# JRE version: Java(TM) SE Runtime Environment (17.0.1+12) (build 17.0.1+12-LTS-39)
# Java VM: Java HotSpot(TM) 64-Bit Server VM (17.0.1+12-LTS-39, mixed mode, sharing, tiered, compressed oops, compressed class ptrs, g1 gc, windows-amd64)
# No core dump will be written. Minidumps are not enabled by default on client versions of Windows
#

---------------  S U M M A R Y ------------

Command Line: -javaagent:C:\Program Files\JetBrains\IntelliJ IDEA Educational Edition 2022.1.3\lib\idea_rt.jar=53468:C:\Program Files\JetBrains\IntelliJ IDEA Educational Edition 2022.1.3\bin -Dfile.encoding=UTF-8 com.app.auth.AuthApplication

Host: Intel(R) Core(TM) i5-8250U CPU @ 1.60GHz, 8 cores, 7G,  Windows 10 , 64 bit Build 22000 (10.0.22000.2124)
Time: Sat Oct 14 03:52:40 2023 Pacific Daylight Time elapsed time: 3.719725 seconds (0d 0h 0m 3s)

---------------  T H R E A D  ---------------

Current thread (0x00000223ec73d740):  JavaThread "C2 CompilerThread1" daemon [_thread_in_native, id=22080, stack(0x0000002a97400000,0x0000002a97500000)]


Current CompileTask:
C2:   3719 2668       4       java.lang.invoke.MethodType::makeImpl (109 bytes)

Stack: [0x0000002a97400000,0x0000002a97500000]
Native frames: (J=compiled Java code, j=interpreted, Vv=VM code, C=native code)
V  [jvm.dll+0x66fa1a]
V  [jvm.dll+0x7ce5a4]
V  [jvm.dll+0x7cfd4e]
V  [jvm.dll+0x7d03b3]
V  [jvm.dll+0x242b05]
V  [jvm.dll+0xaa05b]
V  [jvm.dll+0xaa5ec]
V  [jvm.dll+0x35fa07]
V  [jvm.dll+0x329f51]
V  [jvm.dll+0x3293fa]
V  [jvm.dll+0x215bf1]
V  [jvm.dll+0x215011]
V  [jvm.dll+0x1a168d]
V  [jvm.dll+0x224848]
V  [jvm.dll+0x2229ac]
V  [jvm.dll+0x78435b]
V  [jvm.dll+0x77e91a]
V  [jvm.dll+0x66e845]
C  [ucrtbase.dll+0x26c0c]
C  [KERNEL32.DLL+0x155a0]
C  [ntdll.dll+0x485b]


---------------  P R O C E S S  ---------------

Threads class SMR info:
_java_thread_list=0x00000223ee184190, length=14, elements={
0x00000223cd2460f0, 0x00000223eb28e350, 0x00000223eb28ef00, 0x00000223eb2a2530,
0x00000223eb2a2ee0, 0x00000223eb2a58b0, 0x00000223eb2a7270, 0x00000223eb2a8c10,
0x00000223eb2aa5d0, 0x00000223eb2ab6b0, 0x00000223ebd97800, 0x00000223ebff5c80,
0x00000223ebee9a80, 0x00000223ec73d740
}

Java Threads: ( => current thread )
  0x00000223cd2460f0 JavaThread "main" [_thread_in_vm, id=10952, stack(0x0000002a95b00000,0x0000002a95c00000)]
  0x00000223eb28e350 JavaThread "Reference Handler" daemon [_thread_blocked, id=2408, stack(0x0000002a96200000,0x0000002a96300000)]
  0x00000223eb28ef00 JavaThread "Finalizer" daemon [_thread_blocked, id=18068, stack(0x0000002a96300000,0x0000002a96400000)]
  0x00000223eb2a2530 JavaThread "Signal Dispatcher" daemon [_thread_blocked, id=432, stack(0x0000002a96400000,0x0000002a96500000)]
  0x00000223eb2a2ee0 JavaThread "Attach Listener" daemon [_thread_blocked, id=16264, stack(0x0000002a96500000,0x0000002a96600000)]
  0x00000223eb2a58b0 JavaThread "Service Thread" daemon [_thread_blocked, id=17592, stack(0x0000002a96600000,0x0000002a96700000)]
  0x00000223eb2a7270 JavaThread "Monitor Deflation Thread" daemon [_thread_blocked, id=7552, stack(0x0000002a96700000,0x0000002a96800000)]
  0x00000223eb2a8c10 JavaThread "C2 CompilerThread0" daemon [_thread_in_native, id=22604, stack(0x0000002a96800000,0x0000002a96900000)]
  0x00000223eb2aa5d0 JavaThread "C1 CompilerThread0" daemon [_thread_blocked, id=21232, stack(0x0000002a96900000,0x0000002a96a00000)]
  0x00000223eb2ab6b0 JavaThread "Sweeper thread" daemon [_thread_blocked, id=9548, stack(0x0000002a96a00000,0x0000002a96b00000)]
  0x00000223ebd97800 JavaThread "Common-Cleaner" daemon [_thread_blocked, id=21592, stack(0x0000002a96b00000,0x0000002a96c00000)]
  0x00000223ebff5c80 JavaThread "Monitor Ctrl-Break" daemon [_thread_in_native, id=6468, stack(0x0000002a96c00000,0x0000002a96d00000)]
  0x00000223ebee9a80 JavaThread "Notification Thread" daemon [_thread_blocked, id=9168, stack(0x0000002a96d00000,0x0000002a96e00000)]
=>0x00000223ec73d740 JavaThread "C2 CompilerThread1" daemon [_thread_in_native, id=22080, stack(0x0000002a97400000,0x0000002a97500000)]

Other Threads:
  0x00000223eb282890 VMThread "VM Thread" [stack: 0x0000002a96100000,0x0000002a96200000] [id=10856]
  0x00000223cd2a85e0 WatcherThread [stack: 0x0000002a96e00000,0x0000002a96f00000] [id=10228]
  0x00000223cd285ef0 GCTaskThread "GC Thread#0" [stack: 0x0000002a95c00000,0x0000002a95d00000] [id=17288]
  0x00000223ec662ed0 GCTaskThread "GC Thread#1" [stack: 0x0000002a96f00000,0x0000002a97000000] [id=19648]
  0x00000223ec663180 GCTaskThread "GC Thread#2" [stack: 0x0000002a97000000,0x0000002a97100000] [id=15376]
  0x00000223ec6c09e0 GCTaskThread "GC Thread#3" [stack: 0x0000002a97100000,0x0000002a97200000] [id=8968]
  0x00000223ec6c0c90 GCTaskThread "GC Thread#4" [stack: 0x0000002a97200000,0x0000002a97300000] [id=7184]
  0x00000223ec6c2370 GCTaskThread "GC Thread#5" [stack: 0x0000002a97300000,0x0000002a97400000] [id=13380]
  0x00000223ec7d16e0 GCTaskThread "GC Thread#6" [stack: 0x0000002a97600000,0x0000002a97700000] [id=2640]
  0x00000223ed83c470 GCTaskThread "GC Thread#7" [stack: 0x0000002a97700000,0x0000002a97800000] [id=6600]
  0x00000223cd296bd0 ConcurrentGCThread "G1 Main Marker" [stack: 0x0000002a95d00000,0x0000002a95e00000] [id=21648]
  0x00000223cd298ef0 ConcurrentGCThread "G1 Conc#0" [stack: 0x0000002a95e00000,0x0000002a95f00000] [id=10848]
  0x00000223eef06430 ConcurrentGCThread "G1 Conc#1" [stack: 0x0000002a97500000,0x0000002a97600000] [id=6912]
  0x00000223cd313140 ConcurrentGCThread "G1 Refine#0" [stack: 0x0000002a95f00000,0x0000002a96000000] [id=11732]
  0x00000223cd314a10 ConcurrentGCThread "G1 Service" [stack: 0x0000002a96000000,0x0000002a96100000] [id=4336]

Threads with active compile tasks:
C2 CompilerThread0     3771 2839 %     4       org.springframework.boot.context.properties.source.ConfigurationPropertyName$ElementsParser::parse @ 23 (234 bytes)
C1 CompilerThread0     3771 2905       3       java.lang.invoke.InnerClassLambdaMetafactory$ForwardingMethodGenerator::generate (272 bytes)
C2 CompilerThread1     3771 2668       4       java.lang.invoke.MethodType::makeImpl (109 bytes)

VM state: not at safepoint (normal execution)

VM Mutex/Monitor currently owned by a thread:  ([mutex/lock_event])
[0x00000223cd240f00] Patching_lock - owner thread: 0x0000000000000000

Heap address: 0x0000000081e00000, size: 2018 MB, Compressed Oops mode: 32-bit

CDS archive(s) mapped at: [0x0000000800000000-0x0000000800bc0000-0x0000000800bc0000), size 12320768, SharedBaseAddress: 0x0000000800000000, ArchiveRelocationMode: 0.
Compressed class space mapped at: 0x0000000800c00000-0x0000000840c00000, reserved size: 1073741824
Narrow klass base: 0x0000000800000000, Narrow klass shift: 0, Narrow klass range: 0x100000000

GC Precious Log:
 CPUs: 8 total, 8 available
 Memory: 8070M
 Large Page Support: Disabled
 NUMA Support: Disabled
 Compressed Oops: Enabled (32-bit)
 Heap Region Size: 1M
 Heap Min Capacity: 8M
 Heap Initial Capacity: 128M
 Heap Max Capacity: 2018M
 Pre-touch: Disabled
 Parallel Workers: 8
 Concurrent Workers: 2
 Concurrent Refinement Workers: 8
 Periodic GC: Disabled

Heap:
 garbage-first heap   total 40960K, used 10983K [0x0000000081e00000, 0x0000000100000000)
  region size 1024K, 8 young (8192K), 6 survivors (6144K)
 Metaspace       used 21732K, committed 22080K, reserved 1073152K
  class space    used 2775K, committed 2944K, reserved 1048576K

Heap Regions: E=young(eden), S=young(survivor), O=old, HS=humongous(starts), HC=humongous(continues), CS=collection set, F=free, OA=open archive, CA=closed archive, TAMS=top-at-mark-start (previous, next)
|   0|0x0000000081e00000, 0x0000000081f00000, 0x0000000081f00000|100%| O|  |TAMS 0x0000000081f00000, 0x0000000081e00000| Untracked 
|   1|0x0000000081f00000, 0x0000000082000000, 0x0000000082000000|100%| O|  |TAMS 0x0000000082000000, 0x0000000081f00000| Untracked 
|   2|0x0000000082000000, 0x0000000082100000, 0x0000000082100000|100%| O|  |TAMS 0x0000000082100000, 0x0000000082000000| Untracked 
|   3|0x0000000082100000, 0x0000000082200000, 0x0000000082200000|100%| O|  |TAMS 0x0000000082200000, 0x0000000082100000| Untracked 
|   4|0x0000000082200000, 0x0000000082276c00, 0x0000000082300000| 46%| O|  |TAMS 0x0000000082276c00, 0x0000000082200000| Complete 
|   5|0x0000000082300000, 0x0000000082300000, 0x0000000082400000|  0%| F|  |TAMS 0x0000000082300000, 0x0000000082300000| Untracked 
|   6|0x0000000082400000, 0x0000000082400000, 0x0000000082500000|  0%| F|  |TAMS 0x0000000082400000, 0x0000000082400000| Untracked 
|   7|0x0000000082500000, 0x0000000082500000, 0x0000000082600000|  0%| F|  |TAMS 0x0000000082500000, 0x0000000082500000| Untracked 
|   8|0x0000000082600000, 0x0000000082600000, 0x0000000082700000|  0%| F|  |TAMS 0x0000000082600000, 0x0000000082600000| Untracked 
|   9|0x0000000082700000, 0x0000000082700000, 0x0000000082800000|  0%| F|  |TAMS 0x0000000082700000, 0x0000000082700000| Untracked 
|  10|0x0000000082800000, 0x0000000082800000, 0x0000000082900000|  0%| F|  |TAMS 0x0000000082800000, 0x0000000082800000| Untracked 
|  11|0x0000000082900000, 0x0000000082900000, 0x0000000082a00000|  0%| F|  |TAMS 0x0000000082900000, 0x0000000082900000| Untracked 
|  12|0x0000000082a00000, 0x0000000082a00000, 0x0000000082b00000|  0%| F|  |TAMS 0x0000000082a00000, 0x0000000082a00000| Untracked 
|  13|0x0000000082b00000, 0x0000000082b00000, 0x0000000082c00000|  0%| F|  |TAMS 0x0000000082b00000, 0x0000000082b00000| Untracked 
|  14|0x0000000082c00000, 0x0000000082c00000, 0x0000000082d00000|  0%| F|  |TAMS 0x0000000082c00000, 0x0000000082c00000| Untracked 
|  15|0x0000000082d00000, 0x0000000082d00000, 0x0000000082e00000|  0%| F|  |TAMS 0x0000000082d00000, 0x0000000082d00000| Untracked 
|  16|0x0000000082e00000, 0x0000000082e00000, 0x0000000082f00000|  0%| F|  |TAMS 0x0000000082e00000, 0x0000000082e00000| Untracked 
|  17|0x0000000082f00000, 0x0000000082f00000, 0x0000000083000000|  0%| F|  |TAMS 0x0000000082f00000, 0x0000000082f00000| Untracked 
|  18|0x0000000083000000, 0x0000000083000000, 0x0000000083100000|  0%| F|  |TAMS 0x0000000083000000, 0x0000000083000000| Untracked 
|  19|0x0000000083100000, 0x0000000083100000, 0x0000000083200000|  0%| F|  |TAMS 0x0000000083100000, 0x0000000083100000| Untracked 
|  20|0x0000000083200000, 0x0000000083200000, 0x0000000083300000|  0%| F|  |TAMS 0x0000000083200000, 0x0000000083200000| Untracked 
|  21|0x0000000083300000, 0x0000000083300000, 0x0000000083400000|  0%| F|  |TAMS 0x0000000083300000, 0x0000000083300000| Untracked 
|  22|0x0000000083400000, 0x0000000083400000, 0x0000000083500000|  0%| F|  |TAMS 0x0000000083400000, 0x0000000083400000| Untracked 
|  23|0x0000000083500000, 0x0000000083500000, 0x0000000083600000|  0%| F|  |TAMS 0x0000000083500000, 0x0000000083500000| Untracked 
|  24|0x0000000083600000, 0x0000000083600000, 0x0000000083700000|  0%| F|  |TAMS 0x0000000083600000, 0x0000000083600000| Untracked 
|  25|0x0000000083700000, 0x0000000083700000, 0x0000000083800000|  0%| F|  |TAMS 0x0000000083700000, 0x0000000083700000| Untracked 
|  26|0x0000000083800000, 0x0000000083800000, 0x0000000083900000|  0%| F|  |TAMS 0x0000000083800000, 0x0000000083800000| Untracked 
|  27|0x0000000083900000, 0x0000000083900000, 0x0000000083a00000|  0%| F|  |TAMS 0x0000000083900000, 0x0000000083900000| Untracked 
|  28|0x0000000083a00000, 0x0000000083a00000, 0x0000000083b00000|  0%| F|  |TAMS 0x0000000083a00000, 0x0000000083a00000| Untracked 
|  29|0x0000000083b00000, 0x0000000083b00000, 0x0000000083c00000|  0%| F|  |TAMS 0x0000000083b00000, 0x0000000083b00000| Untracked 
|  30|0x0000000083c00000, 0x0000000083c00000, 0x0000000083d00000|  0%| F|  |TAMS 0x0000000083c00000, 0x0000000083c00000| Untracked 
|  31|0x0000000083d00000, 0x0000000083d00000, 0x0000000083e00000|  0%| F|  |TAMS 0x0000000083d00000, 0x0000000083d00000| Untracked 
|  32|0x0000000083e00000, 0x0000000083e00800, 0x0000000083f00000|  0%| E|  |TAMS 0x0000000083e00000, 0x0000000083e00000| Complete 
|  79|0x0000000086d00000, 0x0000000086d43140, 0x0000000086e00000| 26%| S|CS|TAMS 0x0000000086d00000, 0x0000000086d00000| Complete 
|  80|0x0000000086e00000, 0x0000000086f00000, 0x0000000086f00000|100%| S|CS|TAMS 0x0000000086e00000, 0x0000000086e00000| Complete 
|  81|0x0000000086f00000, 0x0000000087000000, 0x0000000087000000|100%| S|CS|TAMS 0x0000000086f00000, 0x0000000086f00000| Complete 
|  82|0x0000000087000000, 0x0000000087100000, 0x0000000087100000|100%| S|CS|TAMS 0x0000000087000000, 0x0000000087000000| Complete 
|  83|0x0000000087100000, 0x0000000087200000, 0x0000000087200000|100%| S|CS|TAMS 0x0000000087100000, 0x0000000087100000| Complete 
|  84|0x0000000087200000, 0x0000000087300000, 0x0000000087300000|100%| S|CS|TAMS 0x0000000087200000, 0x0000000087200000| Complete 
| 127|0x0000000089d00000, 0x0000000089e00000, 0x0000000089e00000|100%| E|CS|TAMS 0x0000000089d00000, 0x0000000089d00000| Complete 

Card table byte_map: [0x00000223e4180000,0x00000223e4580000] _byte_map_base: 0x00000223e3d71000

Marking Bits (Prev, Next): (CMBitMap*) 0x00000223cd286540, (CMBitMap*) 0x00000223cd286500
 Prev Bits: [0x00000223e6910000, 0x00000223e8898000)
 Next Bits: [0x00000223e4980000, 0x00000223e6908000)

Polling page: 0x00000223cb1e0000

Metaspace:

Usage:
  Non-class:     18.54 MB used.
      Class:      2.71 MB used.
       Both:     21.26 MB used.

Virtual space:
  Non-class space:       24.00 MB reserved,      18.75 MB ( 78%) committed,  3 nodes.
      Class space:        1.00 GB reserved,       2.94 MB ( <1%) committed,  1 nodes.
             Both:        1.02 GB reserved,      21.69 MB (  2%) committed. 

Chunk freelists:
   Non-Class:  716.00 KB
       Class:  1.04 MB
        Both:  1.74 MB

MaxMetaspaceSize: unlimited
CompressedClassSpaceSize: 1.00 GB
Initial GC threshold: 21.00 MB
Current GC threshold: 35.25 MB
CDS: on
MetaspaceReclaimPolicy: balanced
 - commit_granule_bytes: 65536.
 - commit_granule_words: 8192.
 - virtual_space_node_default_size: 1048576.
 - enlarge_chunks_in_place: 1.
 - new_chunks_are_fully_committed: 0.
 - uncommit_free_chunks: 1.
 - use_allocation_guard: 0.
 - handle_deallocations: 1.


Internal statistics:

num_allocs_failed_limit: 3.
num_arena_births: 418.
num_arena_deaths: 0.
num_vsnodes_births: 4.
num_vsnodes_deaths: 0.
num_space_committed: 347.
num_space_uncommitted: 0.
num_chunks_returned_to_freelist: 3.
num_chunks_taken_from_freelist: 1190.
num_chunk_merges: 0.
num_chunk_splits: 807.
num_chunks_enlarged: 590.
num_purges: 0.
num_inconsistent_stats: 0.

CodeHeap 'non-profiled nmethods': size=120000Kb used=1195Kb max_used=1195Kb free=118804Kb
 bounds [0x00000223dc520000, 0x00000223dc790000, 0x00000223e3a50000]
CodeHeap 'profiled nmethods': size=120000Kb used=5880Kb max_used=5880Kb free=114119Kb
 bounds [0x00000223d4ff0000, 0x00000223d55b0000, 0x00000223dc520000]
CodeHeap 'non-nmethods': size=5760Kb used=1204Kb max_used=1279Kb free=4555Kb
 bounds [0x00000223d4a50000, 0x00000223d4cc0000, 0x00000223d4ff0000]
 total_blobs=3390 nmethods=2886 adapters=416
 compilation: enabled
              stopped_count=0, restarted_count=0
 full_count=0

Compilation events (20 events):
Event: 3.688 Thread 0x00000223eb2aa5d0 2870       3       jdk.internal.org.objectweb.asm.SymbolTable::addMergedType (164 bytes)
Event: 3.690 Thread 0x00000223eb2aa5d0 nmethod 2870 0x00000223d5593c90 code [0x00000223d5593ea0, 0x00000223d5594538]
Event: 3.690 Thread 0x00000223eb2aa5d0 2871       3       java.lang.Class::forName (15 bytes)
Event: 3.691 Thread 0x00000223eb2aa5d0 nmethod 2871 0x00000223d5594910 code [0x00000223d5594ac0, 0x00000223d5594cd8]
Event: 3.691 Thread 0x00000223eb2aa5d0 2872       3       org.springframework.core.BridgeMethodResolver$$Lambda$396/0x0000000800ea1378::matches (9 bytes)
Event: 3.691 Thread 0x00000223eb2aa5d0 nmethod 2872 0x00000223d5594e10 code [0x00000223d5594fc0, 0x00000223d5595168]
Event: 3.691 Thread 0x00000223eb2aa5d0 2873       3       org.springframework.core.BridgeMethodResolver::lambda$findBridgedMethod$0 (6 bytes)
Event: 3.691 Thread 0x00000223eb2aa5d0 nmethod 2873 0x00000223d5595290 code [0x00000223d5595420, 0x00000223d5595548]
Event: 3.691 Thread 0x00000223eb2aa5d0 2874       3       java.lang.reflect.Field::hashCode (19 bytes)
Event: 3.691 Thread 0x00000223eb2aa5d0 nmethod 2874 0x00000223d5595610 code [0x00000223d55957e0, 0x00000223d5595a88]
Event: 3.697 Thread 0x00000223eb2aa5d0 2875       2       jdk.internal.loader.BuiltinClassLoader::loadClassOrNull (7 bytes)
Event: 3.697 Thread 0x00000223eb2aa5d0 nmethod 2875 0x00000223d5595c10 code [0x00000223d5595da0, 0x00000223d5595ec8]
Event: 3.712 Thread 0x00000223eb2aa5d0 2876   !   3       java.lang.ref.ReferenceQueue::remove (125 bytes)
Event: 3.713 Thread 0x00000223eb2aa5d0 nmethod 2876 0x00000223d5595f90 code [0x00000223d55961a0, 0x00000223d5596938]
Event: 3.713 Thread 0x00000223eb2aa5d0 2877   !   3       jdk.internal.ref.PhantomCleanable::isListEmpty (34 bytes)
Event: 3.714 Thread 0x00000223eb2aa5d0 nmethod 2877 0x00000223d5596c90 code [0x00000223d5596e20, 0x00000223d5597078]
Event: 3.714 Thread 0x00000223eb2aa5d0 2878       3       jdk.internal.misc.InnocuousThread::eraseThreadLocals (23 bytes)
Event: 3.714 Thread 0x00000223eb2aa5d0 nmethod 2878 0x00000223d5597190 code [0x00000223d5597320, 0x00000223d5597518]
Event: 3.714 Thread 0x00000223eb2aa5d0 2879       3       java.lang.invoke.MethodHandleNatives$CallSiteContext::run (5 bytes)
Event: 3.714 Thread 0x00000223eb2aa5d0 nmethod 2879 0x00000223d5597590 code [0x00000223d5597720, 0x00000223d5597848]

GC Heap History (6 events):
Event: 1.163 GC heap before
{Heap before GC invocations=0 (full 0):
 garbage-first heap   total 131072K, used 22528K [0x0000000081e00000, 0x0000000100000000)
  region size 1024K, 23 young (23552K), 0 survivors (0K)
 Metaspace       used 6376K, committed 6592K, reserved 1056768K
  class space    used 760K, committed 832K, reserved 1048576K
}
Event: 1.173 GC heap after
{Heap after GC invocations=1 (full 0):
 garbage-first heap   total 131072K, used 4544K [0x0000000081e00000, 0x0000000100000000)
  region size 1024K, 3 young (3072K), 3 survivors (3072K)
 Metaspace       used 6376K, committed 6592K, reserved 1056768K
  class space    used 760K, committed 832K, reserved 1048576K
}
Event: 2.037 GC heap before
{Heap before GC invocations=1 (full 0):
 garbage-first heap   total 131072K, used 34240K [0x0000000081e00000, 0x0000000100000000)
  region size 1024K, 32 young (32768K), 3 survivors (3072K)
 Metaspace       used 13942K, committed 14144K, reserved 1064960K
  class space    used 1712K, committed 1792K, reserved 1048576K
}
Event: 2.046 GC heap after
{Heap after GC invocations=2 (full 0):
 garbage-first heap   total 131072K, used 6842K [0x0000000081e00000, 0x0000000100000000)
  region size 1024K, 3 young (3072K), 3 survivors (3072K)
 Metaspace       used 13942K, committed 14144K, reserved 1064960K
  class space    used 1712K, committed 1792K, reserved 1048576K
}
Event: 3.699 GC heap before
{Heap before GC invocations=2 (full 0):
 garbage-first heap   total 131072K, used 46778K [0x0000000081e00000, 0x0000000100000000)
  region size 1024K, 43 young (44032K), 3 survivors (3072K)
 Metaspace       used 21184K, committed 21504K, reserved 1073152K
  class space    used 2704K, committed 2880K, reserved 1048576K
}
Event: 3.712 GC heap after
{Heap after GC invocations=3 (full 0):
 garbage-first heap   total 131072K, used 9959K [0x0000000081e00000, 0x0000000100000000)
  region size 1024K, 6 young (6144K), 6 survivors (6144K)
 Metaspace       used 21184K, committed 21504K, reserved 1073152K
  class space    used 2704K, committed 2880K, reserved 1048576K
}

Deoptimization events (20 events):
Event: 3.194 Thread 0x00000223cd2460f0 DEOPT PACKING pc=0x00000223dc60b220 sp=0x0000002a95bfee20
Event: 3.194 Thread 0x00000223cd2460f0 DEOPT UNPACKING pc=0x00000223d4aa23a3 sp=0x0000002a95bfedd8 mode 2
Event: 3.252 Thread 0x00000223cd2460f0 Uncommon trap: trap_request=0xffffff45 fr.pc=0x00000223dc60e828 relative=0x0000000000000bc8
Event: 3.252 Thread 0x00000223cd2460f0 Uncommon trap: reason=unstable_if action=reinterpret pc=0x00000223dc60e828 method=org.springframework.beans.factory.support.DefaultSingletonBeanRegistry.getSingleton(Ljava/lang/String;Z)Ljava/lang/Object; @ 20 c2
Event: 3.252 Thread 0x00000223cd2460f0 DEOPT PACKING pc=0x00000223dc60e828 sp=0x0000002a95bfdb80
Event: 3.252 Thread 0x00000223cd2460f0 DEOPT UNPACKING pc=0x00000223d4aa23a3 sp=0x0000002a95bfdb18 mode 2
Event: 3.342 Thread 0x00000223cd2460f0 Uncommon trap: trap_request=0xffffff45 fr.pc=0x00000223dc5f420c relative=0x0000000000001a8c
Event: 3.342 Thread 0x00000223cd2460f0 Uncommon trap: reason=unstable_if action=reinterpret pc=0x00000223dc5f420c method=jdk.internal.jimage.ImageStringsReader.stringFromByteBufferMatches(Ljava/nio/ByteBuffer;ILjava/lang/String;I)I @ 48 c2
Event: 3.342 Thread 0x00000223cd2460f0 DEOPT PACKING pc=0x00000223dc5f420c sp=0x0000002a95bfbb30
Event: 3.342 Thread 0x00000223cd2460f0 DEOPT UNPACKING pc=0x00000223d4aa23a3 sp=0x0000002a95bfb6b8 mode 2
Event: 3.348 Thread 0x00000223cd2460f0 DEOPT PACKING pc=0x00000223d51103b1 sp=0x0000002a95bfcb50
Event: 3.348 Thread 0x00000223cd2460f0 DEOPT UNPACKING pc=0x00000223d4aa2b43 sp=0x0000002a95bfc040 mode 0
Event: 3.348 Thread 0x00000223cd2460f0 DEOPT PACKING pc=0x00000223d51103b1 sp=0x0000002a95bfcb50
Event: 3.348 Thread 0x00000223cd2460f0 DEOPT UNPACKING pc=0x00000223d4aa2b43 sp=0x0000002a95bfc040 mode 0
Event: 3.349 Thread 0x00000223cd2460f0 DEOPT PACKING pc=0x00000223d51103b1 sp=0x0000002a95bfcb50
Event: 3.349 Thread 0x00000223cd2460f0 DEOPT UNPACKING pc=0x00000223d4aa2b43 sp=0x0000002a95bfc040 mode 0
Event: 3.437 Thread 0x00000223cd2460f0 Uncommon trap: trap_request=0xffffff45 fr.pc=0x00000223dc6213b8 relative=0x00000000000005d8
Event: 3.437 Thread 0x00000223cd2460f0 Uncommon trap: reason=unstable_if action=reinterpret pc=0x00000223dc6213b8 method=jdk.internal.org.objectweb.asm.MethodWriter.visitVarInsn(II)V @ 108 c2
Event: 3.437 Thread 0x00000223cd2460f0 DEOPT PACKING pc=0x00000223dc6213b8 sp=0x0000002a95bf6890
Event: 3.437 Thread 0x00000223cd2460f0 DEOPT UNPACKING pc=0x00000223d4aa23a3 sp=0x0000002a95bf6858 mode 2

Classes unloaded (0 events):
No events

Classes redefined (0 events):
No events

Internal exceptions (20 events):
Event: 3.096 Thread 0x00000223cd2460f0 Exception <a 'java/lang/NoSuchMethodError'{0x000000008823a788}: 'int java.lang.invoke.DirectMethodHandle$Holder.invokeSpecial(java.lang.Object, java.lang.Object, int)'> (0x000000008823a788) 
thrown [t:\workspace\open\src\hotspot\share\interpreter\linkResolver.cpp, line 766]
Event: 3.097 Thread 0x00000223cd2460f0 Exception <a 'java/lang/NoSuchMethodError'{0x00000000882420e8}: 'int java.lang.invoke.Invokers$Holder.linkToTargetMethod(java.lang.Object, java.lang.Object)'> (0x00000000882420e8) 
thrown [t:\workspace\open\src\hotspot\share\interpreter\linkResolver.cpp, line 766]
Event: 3.131 Thread 0x00000223cd2460f0 Exception <a 'java/lang/NoSuchMethodError'{0x00000000882ea000}: 'java.lang.Object java.lang.invoke.DirectMethodHandle$Holder.invokeSpecial(java.lang.Object, java.lang.Object, java.lang.Object, java.lang.Object, java.lang.Object, java.lang.Object, java.lang.Object, java.lang.Object, java.lang.Object, java.lang.Object)'> (0x00000000882ea000) 
thrown [t:\workspace\open\src\hotspot\share\interpreter\linkResolver.cpp, line 766]
Event: 3.132 Thread 0x00000223cd2460f0 Exception <a 'java/lang/NoSuchMethodError'{0x00000000882ee5e8}: 'java.lang.Object java.lang.invoke.Invokers$Holder.invoke_MT(java.lang.Object, java.lang.Object, java.lang.Object, java.lang.Object, java.lang.Object, java.lang.Object, java.lang.Object, java.lang.Object, java.lang.Object, java.lang.Object)'> (0x00000000882ee5e8) 
thrown [t:\workspace\open\src\hotspot\share\interpreter\linkResolver.cpp, line 766]
Event: 3.146 Thread 0x00000223cd2460f0 Exception <a 'java/lang/NoSuchMethodError'{0x000000008812d818}: 'java.lang.Object java.lang.invoke.DirectMethodHandle$Holder.invokeSpecial(java.lang.Object, java.lang.Object, int, java.lang.Object, java.lang.Object)'> (0x000000008812d818) 
thrown [t:\workspace\open\src\hotspot\share\interpreter\linkResolver.cpp, line 766]
Event: 3.147 Thread 0x00000223cd2460f0 Exception <a 'java/lang/NoSuchMethodError'{0x00000000881314c0}: 'java.lang.Object java.lang.invoke.DelegatingMethodHandle$Holder.delegate(java.lang.Object, int, java.lang.Object, java.lang.Object)'> (0x00000000881314c0) 
thrown [t:\workspace\open\src\hotspot\share\interpreter\linkResolver.cpp, line 766]
Event: 3.152 Thread 0x00000223cd2460f0 Exception <a 'java/lang/NoSuchMethodError'{0x0000000088142348}: 'int java.lang.invoke.Invokers$Holder.linkToTargetMethod(java.lang.Object, java.lang.Object, java.lang.Object)'> (0x0000000088142348) 
thrown [t:\workspace\open\src\hotspot\share\interpreter\linkResolver.cpp, line 766]
Event: 3.213 Thread 0x00000223cd2460f0 Exception <a 'java/lang/NoClassDefFoundError'{0x0000000088057c18}: org/flywaydb/core/Flyway> (0x0000000088057c18) 
thrown [t:\workspace\open\src\hotspot\share\classfile\systemDictionary.cpp, line 245]
Event: 3.213 Thread 0x00000223cd2460f0 Exception <a 'java/lang/NoClassDefFoundError'{0x0000000088058fb8}: liquibase/integration/spring/SpringLiquibase> (0x0000000088058fb8) 
thrown [t:\workspace\open\src\hotspot\share\classfile\systemDictionary.cpp, line 245]
Event: 3.437 Thread 0x00000223cd2460f0 Implicit null exception at 0x00000223dc620f00 to 0x00000223dc6213ac
Event: 3.462 Thread 0x00000223cd2460f0 Exception <a 'java/lang/NoSuchMethodError'{0x00000000878bce58}: 'void java.lang.invoke.DirectMethodHandle$Holder.invokeStatic(java.lang.Object, java.lang.Object, int)'> (0x00000000878bce58) 
thrown [t:\workspace\open\src\hotspot\share\interpreter\linkResolver.cpp, line 766]
Event: 3.515 Thread 0x00000223cd2460f0 Exception <a 'java/lang/NoSuchMethodError'{0x000000008763fca0}: 'void java.lang.invoke.DirectMethodHandle$Holder.invokeInterface(java.lang.Object, java.lang.Object, int)'> (0x000000008763fca0) 
thrown [t:\workspace\open\src\hotspot\share\interpreter\linkResolver.cpp, line 766]
Event: 3.534 Thread 0x00000223cd2460f0 Exception <a 'java/lang/IncompatibleClassChangeError'{0x0000000087695e50}: Found class java.lang.Object, but interface was expected> (0x0000000087695e50) 
thrown [t:\workspace\open\src\hotspot\share\interpreter\linkResolver.cpp, line 833]
Event: 3.539 Thread 0x00000223cd2460f0 Exception <a 'java/lang/NoSuchMethodError'{0x00000000876a6918}: 'int java.lang.invoke.DirectMethodHandle$Holder.invokeSpecialIFC(java.lang.Object, java.lang.Object, java.lang.Object)'> (0x00000000876a6918) 
thrown [t:\workspace\open\src\hotspot\share\interpreter\linkResolver.cpp, line 766]
Event: 3.544 Thread 0x00000223cd2460f0 Exception <a 'java/lang/NoSuchMethodError'{0x00000000876b47e0}: 'void java.lang.invoke.DirectMethodHandle$Holder.invokeStatic(java.lang.Object, int, java.lang.Object)'> (0x00000000876b47e0) 
thrown [t:\workspace\open\src\hotspot\share\interpreter\linkResolver.cpp, line 766]
Event: 3.562 Thread 0x00000223cd2460f0 Exception <a 'java/lang/NoSuchMethodError'{0x00000000876f00e8}: 'void java.lang.invoke.DirectMethodHandle$Holder.invokeVirtual(java.lang.Object, java.lang.Object, int)'> (0x00000000876f00e8) 
thrown [t:\workspace\open\src\hotspot\share\interpreter\linkResolver.cpp, line 766]
Event: 3.563 Thread 0x00000223cd2460f0 Exception <a 'java/lang/NoSuchMethodError'{0x00000000876f62a0}: 'void java.lang.invoke.DirectMethodHandle$Holder.invokeStatic(java.lang.Object, java.lang.Object, java.lang.Object, int, java.lang.Object)'> (0x00000000876f62a0) 
thrown [t:\workspace\open\src\hotspot\share\interpreter\linkResolver.cpp, line 766]
Event: 3.564 Thread 0x00000223cd2460f0 Exception <a 'java/lang/NoSuchMethodError'{0x00000000876fd720}: 'java.lang.Object java.lang.invoke.DirectMethodHandle$Holder.newInvokeSpecial(java.lang.Object, java.lang.Object, java.lang.Object, int)'> (0x00000000876fd720) 
thrown [t:\workspace\open\src\hotspot\share\interpreter\linkResolver.cpp, line 766]
Event: 3.565 Thread 0x00000223cd2460f0 Exception <a 'java/lang/NoSuchMethodError'{0x0000000087501e90}: 'java.lang.Object java.lang.invoke.DirectMethodHandle$Holder.invokeSpecial(java.lang.Object, java.lang.Object, java.lang.Object, java.lang.Object, int)'> (0x0000000087501e90) 
thrown [t:\workspace\open\src\hotspot\share\interpreter\linkResolver.cpp, line 766]
Event: 3.566 Thread 0x00000223cd2460f0 Exception <a 'java/lang/NoSuchMethodError'{0x0000000087505a58}: 'java.lang.Object java.lang.invoke.Invokers$Holder.linkToTargetMethod(java.lang.Object, java.lang.Object, int, java.lang.Object)'> (0x0000000087505a58) 
thrown [t:\workspace\open\src\hotspot\share\interpreter\linkResolver.cpp, line 766]

VM Operations (20 events):
Event: 2.068 Executing VM operation: HandshakeAllThreads
Event: 2.068 Executing VM operation: HandshakeAllThreads done
Event: 2.628 Executing VM operation: ICBufferFull
Event: 2.628 Executing VM operation: ICBufferFull done
Event: 3.070 Executing VM operation: HandshakeAllThreads
Event: 3.070 Executing VM operation: HandshakeAllThreads done
Event: 3.106 Executing VM operation: HandshakeAllThreads
Event: 3.106 Executing VM operation: HandshakeAllThreads done
Event: 3.182 Executing VM operation: ICBufferFull
Event: 3.182 Executing VM operation: ICBufferFull done
Event: 3.284 Executing VM operation: HandshakeAllThreads
Event: 3.284 Executing VM operation: HandshakeAllThreads done
Event: 3.285 Executing VM operation: HandshakeAllThreads
Event: 3.285 Executing VM operation: HandshakeAllThreads done
Event: 3.451 Executing VM operation: HandshakeAllThreads
Event: 3.451 Executing VM operation: HandshakeAllThreads done
Event: 3.690 Executing VM operation: HandshakeAllThreads
Event: 3.690 Executing VM operation: HandshakeAllThreads done
Event: 3.699 Executing VM operation: CollectForMetadataAllocation
Event: 3.712 Executing VM operation: CollectForMetadataAllocation done

Events (20 events):
Event: 3.560 loading class javax/management/JMException
Event: 3.561 loading class javax/management/JMException done
Event: 3.561 loading class javax/management/MBeanException done
Event: 3.561 loading class javax/management/MBeanRegistrationException done
Event: 3.561 loading class javax/management/InstanceNotFoundException
Event: 3.561 loading class javax/management/OperationsException
Event: 3.561 loading class javax/management/OperationsException done
Event: 3.561 loading class javax/management/InstanceNotFoundException done
Event: 3.695 loading class javax/management/MalformedObjectNameException
Event: 3.696 loading class javax/management/MalformedObjectNameException done
Event: 3.699 loading class javax/management/MBeanServer
Event: 3.699 loading class javax/management/MBeanServerConnection
Event: 3.699 loading class javax/management/MBeanServerConnection done
Event: 3.712 loading class javax/management/MBeanServer done
Event: 3.716 loading class java/util/concurrent/locks/ReadWriteLock
Event: 3.716 loading class java/util/concurrent/locks/ReadWriteLock done
Event: 3.717 loading class javax/management/AttributeNotFoundException
Event: 3.717 loading class javax/management/AttributeNotFoundException done
Event: 3.717 loading class javax/management/ReflectionException
Event: 3.717 loading class javax/management/ReflectionException done


Dynamic libraries:
0x00007ff7b7b60000 - 0x00007ff7b7b70000 	C:\Program Files\Java\jdk-17.0.1\bin\java.exe
0x00007ffce6f40000 - 0x00007ffce7149000 	C:\WINDOWS\SYSTEM32\ntdll.dll
0x00007ffce5b90000 - 0x00007ffce5c4e000 	C:\WINDOWS\System32\KERNEL32.DLL
0x00007ffce44f0000 - 0x00007ffce4874000 	C:\WINDOWS\System32\KERNELBASE.dll
0x00007ffce4b00000 - 0x00007ffce4c11000 	C:\WINDOWS\System32\ucrtbase.dll
0x00007ffcba560000 - 0x00007ffcba57a000 	C:\Program Files\Java\jdk-17.0.1\bin\VCRUNTIME140.dll
0x00007ffcba790000 - 0x00007ffcba7a8000 	C:\Program Files\Java\jdk-17.0.1\bin\jli.dll
0x00007ffce54f0000 - 0x00007ffce559f000 	C:\WINDOWS\System32\ADVAPI32.dll
0x00007ffce4d90000 - 0x00007ffce4e33000 	C:\WINDOWS\System32\msvcrt.dll
0x00007ffce5230000 - 0x00007ffce52ce000 	C:\WINDOWS\System32\sechost.dll
0x00007ffce6020000 - 0x00007ffce6141000 	C:\WINDOWS\System32\RPCRT4.dll
0x00007ffce5080000 - 0x00007ffce522d000 	C:\WINDOWS\System32\USER32.dll
0x00007ffccbbe0000 - 0x00007ffccbe85000 	C:\WINDOWS\WinSxS\amd64_microsoft.windows.common-controls_6595b64144ccf1df_6.0.22000.120_none_9d947278b86cc467\COMCTL32.dll
0x00007ffce4ce0000 - 0x00007ffce4d06000 	C:\WINDOWS\System32\win32u.dll
0x00007ffce61c0000 - 0x00007ffce61ea000 	C:\WINDOWS\System32\GDI32.dll
0x00007ffce43d0000 - 0x00007ffce44ef000 	C:\WINDOWS\System32\gdi32full.dll
0x00007ffce48f0000 - 0x00007ffce498d000 	C:\WINDOWS\System32\msvcp_win.dll
0x00007ffcda800000 - 0x00007ffcda80a000 	C:\WINDOWS\SYSTEM32\VERSION.dll
0x00007ffce5c50000 - 0x00007ffce5c81000 	C:\WINDOWS\System32\IMM32.DLL
0x00007ffcd9800000 - 0x00007ffcd980c000 	C:\Program Files\Java\jdk-17.0.1\bin\vcruntime140_1.dll
0x00007ffca7ce0000 - 0x00007ffca7d6d000 	C:\Program Files\Java\jdk-17.0.1\bin\msvcp140.dll
0x00007ffc6bc00000 - 0x00007ffc6c7be000 	C:\Program Files\Java\jdk-17.0.1\bin\server\jvm.dll
0x00007ffce6010000 - 0x00007ffce6018000 	C:\WINDOWS\System32\PSAPI.DLL
0x00007ffccb900000 - 0x00007ffccb909000 	C:\WINDOWS\SYSTEM32\WSOCK32.dll
0x00007ffcdbde0000 - 0x00007ffcdbe13000 	C:\WINDOWS\SYSTEM32\WINMM.dll
0x00007ffce5470000 - 0x00007ffce54df000 	C:\WINDOWS\System32\WS2_32.dll
0x00007ffce3520000 - 0x00007ffce3538000 	C:\WINDOWS\SYSTEM32\kernel.appcore.dll
0x00007ffccd360000 - 0x00007ffccd36a000 	C:\Program Files\Java\jdk-17.0.1\bin\jimage.dll
0x00007ffce2020000 - 0x00007ffce2241000 	C:\WINDOWS\SYSTEM32\DBGHELP.DLL
0x00007ffcda570000 - 0x00007ffcda5a1000 	C:\WINDOWS\SYSTEM32\dbgcore.DLL
0x00007ffce4d10000 - 0x00007ffce4d8f000 	C:\WINDOWS\System32\bcryptPrimitives.dll
0x00007ffcce8e0000 - 0x00007ffcce8ee000 	C:\Program Files\Java\jdk-17.0.1\bin\instrument.dll
0x00007ffcb8790000 - 0x00007ffcb87b5000 	C:\Program Files\Java\jdk-17.0.1\bin\java.dll
0x00007ffca13d0000 - 0x00007ffca14a6000 	C:\Program Files\Java\jdk-17.0.1\bin\svml.dll
0x00007ffce6350000 - 0x00007ffce6b15000 	C:\WINDOWS\System32\SHELL32.dll
0x00007ffce24a0000 - 0x00007ffce2d04000 	C:\WINDOWS\SYSTEM32\windows.storage.dll
0x00007ffce5c90000 - 0x00007ffce6006000 	C:\WINDOWS\System32\combase.dll
0x00007ffce2330000 - 0x00007ffce2497000 	C:\WINDOWS\SYSTEM32\wintypes.dll
0x00007ffce55a0000 - 0x00007ffce568a000 	C:\WINDOWS\System32\SHCORE.dll
0x00007ffce6d80000 - 0x00007ffce6ddd000 	C:\WINDOWS\System32\shlwapi.dll
0x00007ffce4300000 - 0x00007ffce4325000 	C:\WINDOWS\SYSTEM32\profapi.dll
0x00007ffcb86c0000 - 0x00007ffcb86d8000 	C:\Program Files\Java\jdk-17.0.1\bin\zip.dll
0x00007ffcb9cc0000 - 0x00007ffcb9cd9000 	C:\Program Files\Java\jdk-17.0.1\bin\net.dll
0x00007ffcdb460000 - 0x00007ffcdb573000 	C:\WINDOWS\SYSTEM32\WINHTTP.dll
0x00007ffce39d0000 - 0x00007ffce3a37000 	C:\WINDOWS\system32\mswsock.dll
0x00007ffcb9430000 - 0x00007ffcb9445000 	C:\Program Files\Java\jdk-17.0.1\bin\nio.dll
0x00007ffcc6fe0000 - 0x00007ffcc6ffa000 	C:\Program Files\JetBrains\IntelliJ IDEA Educational Edition 2022.1.3\bin\breakgen64.dll
0x00007ffce3c30000 - 0x00007ffce3c48000 	C:\WINDOWS\SYSTEM32\CRYPTSP.dll
0x00007ffce3480000 - 0x00007ffce34b5000 	C:\WINDOWS\system32\rsaenh.dll
0x00007ffce3ad0000 - 0x00007ffce3afc000 	C:\WINDOWS\SYSTEM32\USERENV.dll
0x00007ffce3da0000 - 0x00007ffce3dc7000 	C:\WINDOWS\SYSTEM32\bcrypt.dll
0x00007ffce3c20000 - 0x00007ffce3c2c000 	C:\WINDOWS\SYSTEM32\CRYPTBASE.dll

dbghelp: loaded successfully - version: 4.0.5 - missing functions: none
symbol engine: initialized successfully - sym options: 0x614 - pdb path: .;C:\Program Files\Java\jdk-17.0.1\bin;C:\WINDOWS\SYSTEM32;C:\WINDOWS\WinSxS\amd64_microsoft.windows.common-controls_6595b64144ccf1df_6.0.22000.120_none_9d947278b86cc467;C:\Program Files\Java\jdk-17.0.1\bin\server;C:\Program Files\JetBrains\IntelliJ IDEA Educational Edition 2022.1.3\bin

VM Arguments:
jvm_args: -javaagent:C:\Program Files\JetBrains\IntelliJ IDEA Educational Edition 2022.1.3\lib\idea_rt.jar=53468:C:\Program Files\JetBrains\IntelliJ IDEA Educational Edition 2022.1.3\bin -Dfile.encoding=UTF-8 
java_command: com.app.auth.AuthApplication
java_class_path (initial): D:\Personal projects\auth\target\classes;C:\Users\40750\.m2\repository\org\springframework\boot\spring-boot-starter-web\3.1.4\spring-boot-starter-web-3.1.4.jar;C:\Users\40750\.m2\repository\org\springframework\boot\spring-boot-starter\3.1.4\spring-boot-starter-3.1.4.jar;C:\Users\40750\.m2\repository\org\springframework\boot\spring-boot\3.1.4\spring-boot-3.1.4.jar;C:\Users\40750\.m2\repository\org\springframework\boot\spring-boot-autoconfigure\3.1.4\spring-boot-autoconfigure-3.1.4.jar;C:\Users\40750\.m2\repository\org\springframework\boot\spring-boot-starter-logging\3.1.4\spring-boot-starter-logging-3.1.4.jar;C:\Users\40750\.m2\repository\ch\qos\logback\logback-classic\1.4.11\logback-classic-1.4.11.jar;C:\Users\40750\.m2\repository\ch\qos\logback\logback-core\1.4.11\logback-core-1.4.11.jar;C:\Users\40750\.m2\repository\org\apache\logging\log4j\log4j-to-slf4j\2.20.0\log4j-to-slf4j-2.20.0.jar;C:\Users\40750\.m2\repository\org\apache\logging\log4j\log4j-api\2.20.0\log4j-api-2.20.0.jar;C:\Users\40750\.m2\repository\org\slf4j\jul-to-slf4j\2.0.9\jul-to-slf4j-2.0.9.jar;C:\Users\40750\.m2\repository\jakarta\annotation\jakarta.annotation-api\2.1.1\jakarta.annotation-api-2.1.1.jar;C:\Users\40750\.m2\repository\org\yaml\snakeyaml\1.33\snakeyaml-1.33.jar;C:\Users\40750\.m2\repository\org\springframework\boot\spring-boot-starter-json\3.1.4\spring-boot-starter-json-3.1.4.jar;C:\Users\40750\.m2\repository\com\fasterxml\jackson\core\jackson-databind\2.15.2\jackson-databind-2.15.2.jar;C:\Users\40750\.m2\repository\com\fasterxml\jackson\core\jackson-annotations\2.15.2\jackson-annotations-2.15.2.jar;C:\Users\40750\.m2\repository\com\fasterxml\jackson\core\jackson-core\2.15.2\jackson-core-2.15.2.jar;C:\Users\40750\.m2\repository\com\fasterxml\jackson\datatype\jackson-datatype-jdk8\2.15.2\jackson-datatype-jdk8-2.15.2.jar;C:\Users\40750\.m2\repository\com\fasterxml\jackson\datatype\jackson-datatype-jsr310\2.15.2\jackson-datatype-jsr310-2.15.2.jar;C:\Users\4075
Launcher Type: SUN_STANDARD

[Global flags]
     intx CICompilerCount                          = 4                                         {product} {ergonomic}
     uint ConcGCThreads                            = 2                                         {product} {ergonomic}
     uint G1ConcRefinementThreads                  = 8                                         {product} {ergonomic}
   size_t G1HeapRegionSize                         = 1048576                                   {product} {ergonomic}
    uintx GCDrainStackTargetSize                   = 64                                        {product} {ergonomic}
   size_t InitialHeapSize                          = 134217728                                 {product} {ergonomic}
   size_t MarkStackSize                            = 4194304                                   {product} {ergonomic}
   size_t MaxHeapSize                              = 2116026368                                {product} {ergonomic}
   size_t MaxNewSize                               = 1268776960                                {product} {ergonomic}
   size_t MinHeapDeltaBytes                        = 1048576                                   {product} {ergonomic}
   size_t MinHeapSize                              = 8388608                                   {product} {ergonomic}
    uintx NonNMethodCodeHeapSize                   = 5839372                                {pd product} {ergonomic}
    uintx NonProfiledCodeHeapSize                  = 122909434                              {pd product} {ergonomic}
    uintx ProfiledCodeHeapSize                     = 122909434                              {pd product} {ergonomic}
    uintx ReservedCodeCacheSize                    = 251658240                              {pd product} {ergonomic}
     bool SegmentedCodeCache                       = true                                      {product} {ergonomic}
   size_t SoftMaxHeapSize                          = 2116026368                             {manageable} {ergonomic}
     bool UseCompressedClassPointers               = true                           {product lp64_product} {ergonomic}
     bool UseCompressedOops                        = true                           {product lp64_product} {ergonomic}
     bool UseG1GC                                  = true                                      {product} {ergonomic}
     bool UseLargePagesIndividualAllocation        = false                                  {pd product} {ergonomic}

Logging:
Log output configuration:
 #0: stdout all=warning uptime,level,tags
 #1: stderr all=off uptime,level,tags

Environment Variables:
PATH=C:\Program Files\Common Files\Oracle\Java\javapath;C:\Program Files (x86)\Common Files\Oracle\Java\javapath;C:\Windows\system32;C:\Windows;C:\Windows\System32\Wbem;C:\Windows\System32\WindowsPowerShell\v1.0\;C:\Windows\System32\OpenSSH\;C:\Program Files\Git LFS;C:\Program Files\Git\cmd;C:\Program Files\dotnet\;C:\Program Files\PuTTY\;C:\Program Files\Microsoft SQL Server\130\Tools\Binn\;C:\Program Files\Microsoft SQL Server\150\Tools\Binn\;C:\Program Files\Microsoft SQL Server\Client SDK\ODBC\170\Tools\Binn\;C:\WINDOWS\system32;C:\WINDOWS;C:\WINDOWS\System32\Wbem;C:\WINDOWS\System32\WindowsPowerShell\v1.0\;C:\WINDOWS\System32\OpenSSH\;C:\Users\40750\AppData\Local\Programs\Python\Python310\;C:\Users\40750\AppData\Local\Programs\Python\Python310\Scripts\;C:\Program Files\nodejs\node_modules\npm\node_modules;C:\Users\40750\AppData\Roaming\npm\node_modules\angular-cli\bin;C:\Program Files\nodejs\;C:\Program Files\MySQL\MySQL Shell 8.0\bin\;C:\Users\40750\AppData\Local\Microsoft\WindowsApps;C:\Users\40750\AppData\Local\GitHubDesktop\bin;C:\Program Files\JetBrains\JetBrains Rider 2021.2.1\bin;C:\Program Files\JetBrains\PyCharm Co;C:\Users\40750\AppData\Local\Programs\Microsoft VS Code\bin;C:\Users\40750\AppData\Roaming\npm;C:\Program Files\JetBrains\IntelliJ IDEA Educational Edition 2022.1.3\bin
USERNAME=40750
OS=Windows_NT
PROCESSOR_IDENTIFIER=Intel64 Family 6 Model 142 Stepping 10, GenuineIntel



---------------  S Y S T E M  ---------------

OS:
 Windows 10 , 64 bit Build 22000 (10.0.22000.2124)
OS uptime: 32 days 17:59 hours

CPU: total 8 (initial active 8) (4 cores per cpu, 2 threads per core) family 6 model 142 stepping 10 microcode 0xe0, cx8, cmov, fxsr, ht, mmx, 3dnowpref, sse, sse2, sse3, ssse3, sse4.1, sse4.2, popcnt, lzcnt, tsc, tscinvbit, avx, avx2, aes, erms, clmul, bmi1, bmi2, adx, fma, vzeroupper, clflush, clflushopt

Memory: 4k page, system-wide physical 8070M (412M free)
TotalPageFile size 17568M (AvailPageFile size 95M)
current process WorkingSet (physical memory assigned to process): 119M, peak: 156M
current process commit charge ("private bytes"): 190M, peak: 280M

vm_info: Java HotSpot(TM) 64-Bit Server VM (17.0.1+12-LTS-39) for windows-amd64 JRE (17.0.1+12-LTS-39), built on Sep 27 2021 18:41:35 by "mach5one" with MS VC++ 16.8 (VS2019)

END.
